32 -> -1
20 -> -1
1 -> 0
24 -> -1
33 -> -1
1 -> 1
24 -> -1
33 -> -1
1 -> 2
24 -> -1
33 -> -1
44 -> -1
22 -> -1
38 -> -1
18 -> -1
1 -> 0
19 -> -1
44 -> -1
22 -> -1
38 -> -1
18 -> -1
1 -> 1
19 -> -1
44 -> -1
22 -> -1
38 -> -1
18 -> -1
1 -> 2
19 -> -1
1 -> 3
24 -> -1
33 -> -1
1 -> 3
11 -> -1
1 -> 0
39 -> -1
1 -> 3
8 -> -1
1 -> 1
30 -> -1
24 -> -1
1 -> 3
11 -> -1
1 -> 1
31 -> -1
25 -> -1
39 -> -1
1 -> 3
8 -> -1
1 -> 2
30 -> -1
24 -> -1
1 -> 3
11 -> -1
1 -> 2
31 -> -1
25 -> -1
44 -> -1
22 -> -1
41 -> -1
18 -> -1
1 -> 3
19 -> -1
21 -> -1
