170 -> 0
: -> 22
int -> 31
162 -> 1
: -> 22
int -> 31
172 -> 2
: -> 22
int -> 31
sys -> 43
. -> 20
read -> 36
( -> 15
170 -> 0
) -> 16
sys -> 43
. -> 20
read -> 36
( -> 15
162 -> 1
) -> 16
sys -> 43
. -> 20
read -> 36
( -> 15
172 -> 2
) -> 16
189 -> 3
: -> 22
int -> 31
189 -> 3
= -> 9
170 -> 0
if -> 37
189 -> 3
> -> 6
162 -> 1
begin -> 28
: -> 22
189 -> 3
= -> 9
162 -> 1
end -> 29
; -> 23
if -> 37
189 -> 3
> -> 6
172 -> 2
begin -> 28
: -> 22
189 -> 3
= -> 9
172 -> 2
end -> 29
; -> 23
sys -> 43
. -> 20
write -> 39
( -> 15
189 -> 3
) -> 16
