193 -> 0
: -> 22
int -> 31
178 -> 1
: -> 22
int -> 31
457 -> 2
: -> 22
int -> 31
sys -> 43
. -> 20
read -> 36
( -> 15
193 -> 0
) -> 16
178 -> 1
= -> 9
123 -> 3
457 -> 2
= -> 9
122 -> 4
while -> 40
178 -> 1
* -> 3
178 -> 1
< -> 5
193 -> 0
and -> 44
457 -> 2
== -> 8
122 -> 4
begin -> 28
: -> 22
if -> 37
193 -> 0
% -> 7
178 -> 1
== -> 8
121 -> 5
begin -> 28
: -> 22
457 -> 2
= -> 9
121 -> 5
else -> 38
begin -> 28
: -> 22
178 -> 1
= -> 9
178 -> 1
+ -> 1
122 -> 4
end -> 29
; -> 23
end -> 29
; -> 23
if -> 37
457 -> 2
== -> 8
122 -> 4
begin -> 28
: -> 22
sys -> 43
. -> 20
write -> 39
( -> 15
344 -> 6
) -> 16
sys -> 43
. -> 20
write -> 39
( -> 15
endl -> 27
) -> 16
else -> 38
begin -> 28
: -> 22
sys -> 43
. -> 20
write -> 39
( -> 15
285 -> 7
) -> 16
sys -> 43
. -> 20
write -> 39
( -> 15
endl -> 27
) -> 16
end -> 29
; -> 23
183 -> 8
: -> 22
int -> 31
182 -> 9
: -> 22
int -> 31
sys -> 43
. -> 20
write -> 39
( -> 15
364 -> 10
) -> 16
sys -> 43
. -> 20
read -> 36
( -> 15
183 -> 8
) -> 16
sys -> 43
. -> 20
write -> 39
( -> 15
443 -> 11
) -> 16
sys -> 43
. -> 20
read -> 36
( -> 15
182 -> 9
) -> 16
220 -> 12
: -> 22
int -> 31
while -> 40
182 -> 9
! -> 19
= -> 9
121 -> 5
begin -> 28
: -> 22
220 -> 12
= -> 9
183 -> 8
% -> 7
182 -> 9
183 -> 8
= -> 9
182 -> 9
182 -> 9
= -> 9
220 -> 12
end -> 29
; -> 23
sys -> 43
. -> 20
write -> 39
( -> 15
356 -> 13
) -> 16
sys -> 43
. -> 20
write -> 39
( -> 15
183 -> 8
) -> 16
170 -> 14
: -> 22
int -> 31
171 -> 15
: -> 22
int -> 31
172 -> 16
: -> 22
int -> 31
sys -> 43
. -> 20
write -> 39
( -> 15
293 -> 17
) -> 16
sys -> 43
. -> 20
write -> 39
( -> 15
endl -> 27
) -> 16
sys -> 43
. -> 20
write -> 39
( -> 15
391 -> 18
) -> 16
sys -> 43
. -> 20
read -> 36
( -> 15
170 -> 14
) -> 16
sys -> 43
. -> 20
write -> 39
( -> 15
312 -> 19
) -> 16
sys -> 43
. -> 20
read -> 36
( -> 15
171 -> 15
) -> 16
sys -> 43
. -> 20
write -> 39
( -> 15
233 -> 20
) -> 16
sys -> 43
. -> 20
read -> 36
( -> 15
172 -> 16
) -> 16
218 -> 21
: -> 22
int -> 31
218 -> 21
= -> 9
171 -> 15
* -> 3
171 -> 15
- -> 2
125 -> 22
* -> 3
170 -> 14
* -> 3
172 -> 16
148 -> 23
: -> 22
real -> 32
149 -> 24
: -> 22
real -> 32
if -> 37
218 -> 21
< -> 5
121 -> 5
begin -> 28
: -> 22
sys -> 43
. -> 20
write -> 39
( -> 15
208 -> 25
) -> 16
end -> 29
; -> 23
if -> 37
218 -> 21
== -> 8
121 -> 5
begin -> 28
: -> 22
148 -> 23
= -> 9
( -> 15
- -> 2
171 -> 15
) -> 16
/ -> 4
( -> 15
123 -> 3
* -> 3
170 -> 14
) -> 16
end -> 29
; -> 23
148 -> 23
= -> 9
( -> 15
( -> 15
- -> 2
171 -> 15
) -> 16
- -> 2
( -> 15
rad -> 46
( -> 15
218 -> 21
) -> 16
) -> 16
) -> 16
/ -> 4
( -> 15
123 -> 3
* -> 3
170 -> 14
) -> 16
149 -> 24
= -> 9
( -> 15
( -> 15
- -> 2
171 -> 15
) -> 16
+ -> 1
( -> 15
rad -> 46
( -> 15
218 -> 21
) -> 16
) -> 16
) -> 16
/ -> 4
( -> 15
123 -> 3
* -> 3
170 -> 14
) -> 16
sys -> 43
. -> 20
write -> 39
( -> 15
35 -> 26
) -> 16
sys -> 43
. -> 20
write -> 39
( -> 15
148 -> 23
) -> 16
sys -> 43
. -> 20
write -> 39
( -> 15
156 -> 27
) -> 16
sys -> 43
. -> 20
write -> 39
( -> 15
149 -> 24
) -> 16
