183 -> 0
: -> 22
int -> 31
202 -> 1
: -> 22
int -> 31
178 -> 2
: -> 22
int -> 31
sys -> 43
. -> 20
read -> 36
( -> 15
183 -> 0
) -> 16
202 -> 1
= -> 9
121 -> 3
178 -> 2
= -> 9
122 -> 4
while -> 40
178 -> 2
< -> 5
= -> 9
183 -> 0
begin -> 28
: -> 22
202 -> 1
= -> 9
202 -> 1
+ -> 1
178 -> 2
178 -> 2
= -> 9
178 -> 2
+ -> 1
122 -> 4
end -> 29
; -> 23
sys -> 43
. -> 20
write -> 39
( -> 15
444 -> 5
) -> 16
sys -> 43
. -> 20
write -> 39
( -> 15
202 -> 1
) -> 16
356 -> 6
: -> 22
arr -> 41
( -> 15
int -> 31
) -> 16
[ -> 13
74 -> 7
] -> 14
19 -> 8
: -> 22
int -> 31
273 -> 9
: -> 22
int -> 31
257 -> 10
: -> 22
int -> 31
178 -> 2
: -> 22
int -> 31
sys -> 43
. -> 20
read -> 36
( -> 15
356 -> 6
) -> 16
19 -> 8
= -> 9
160 -> 11
273 -> 9
= -> 9
7 -> 12
while -> 40
178 -> 2
< -> 5
74 -> 7
begin -> 28
: -> 22
257 -> 10
= -> 9
356 -> 6
[ -> 13
178 -> 2
] -> 14
if -> 37
257 -> 10
> -> 6
19 -> 8
begin -> 28
: -> 22
19 -> 8
= -> 9
257 -> 10
end -> 29
; -> 23
if -> 37
257 -> 10
< -> 5
273 -> 9
begin -> 28
: -> 22
273 -> 9
= -> 9
257 -> 10
end -> 29
; -> 23
178 -> 2
= -> 9
178 -> 2
+ -> 1
122 -> 4
end -> 29
; -> 23
sys -> 43
. -> 20
write -> 39
( -> 15
473 -> 13
) -> 16
sys -> 43
. -> 20
write -> 39
( -> 15
19 -> 8
) -> 16
sys -> 43
. -> 20
write -> 39
( -> 15
471 -> 14
) -> 16
sys -> 43
. -> 20
write -> 39
( -> 15
273 -> 9
) -> 16
