32 -> -1
19 -> -1
1 -> 0
24 -> -1
33 -> -1
1 -> 1
24 -> -1
33 -> -1
1 -> 2
24 -> -1
33 -> -1
44 -> -1
22 -> -1
38 -> -1
17 -> -1
1 -> 0
18 -> -1
1 -> 1
11 -> -1
2 -> 3
1 -> 2
11 -> -1
2 -> 4
42 -> -1
1 -> 1
5 -> -1
1 -> 1
7 -> -1
1 -> 0
45 -> -1
1 -> 2
10 -> -1
2 -> 4
30 -> -1
24 -> -1
39 -> -1
1 -> 0
9 -> -1
1 -> 1
10 -> -1
2 -> 5
30 -> -1
24 -> -1
1 -> 2
11 -> -1
2 -> 5
40 -> -1
30 -> -1
24 -> -1
1 -> 1
11 -> -1
1 -> 1
3 -> -1
2 -> 4
31 -> -1
25 -> -1
31 -> -1
25 -> -1
39 -> -1
1 -> 2
10 -> -1
2 -> 4
30 -> -1
24 -> -1
44 -> -1
22 -> -1
41 -> -1
17 -> -1
2 -> 6
18 -> -1
44 -> -1
22 -> -1
41 -> -1
17 -> -1
29 -> -1
18 -> -1
40 -> -1
30 -> -1
24 -> -1
44 -> -1
22 -> -1
41 -> -1
17 -> -1
2 -> 7
18 -> -1
44 -> -1
22 -> -1
41 -> -1
17 -> -1
29 -> -1
18 -> -1
31 -> -1
25 -> -1
1 -> 8
24 -> -1
33 -> -1
1 -> 9
24 -> -1
33 -> -1
44 -> -1
22 -> -1
41 -> -1
17 -> -1
2 -> 10
18 -> -1
44 -> -1
22 -> -1
38 -> -1
17 -> -1
1 -> 8
18 -> -1
44 -> -1
22 -> -1
41 -> -1
17 -> -1
2 -> 11
18 -> -1
44 -> -1
22 -> -1
38 -> -1
17 -> -1
1 -> 9
18 -> -1
1 -> 12
24 -> -1
33 -> -1
42 -> -1
1 -> 9
21 -> -1
11 -> -1
2 -> 5
30 -> -1
24 -> -1
1 -> 12
11 -> -1
1 -> 8
9 -> -1
1 -> 9
1 -> 8
11 -> -1
1 -> 9
1 -> 9
11 -> -1
1 -> 12
31 -> -1
25 -> -1
44 -> -1
22 -> -1
41 -> -1
17 -> -1
2 -> 13
18 -> -1
44 -> -1
22 -> -1
41 -> -1
17 -> -1
1 -> 8
18 -> -1
1 -> 14
24 -> -1
33 -> -1
1 -> 15
24 -> -1
33 -> -1
1 -> 16
24 -> -1
33 -> -1
44 -> -1
22 -> -1
41 -> -1
17 -> -1
2 -> 17
18 -> -1
44 -> -1
22 -> -1
41 -> -1
17 -> -1
29 -> -1
18 -> -1
44 -> -1
22 -> -1
41 -> -1
17 -> -1
2 -> 18
18 -> -1
44 -> -1
22 -> -1
38 -> -1
17 -> -1
1 -> 14
18 -> -1
44 -> -1
22 -> -1
41 -> -1
17 -> -1
2 -> 19
18 -> -1
44 -> -1
22 -> -1
38 -> -1
17 -> -1
1 -> 15
18 -> -1
44 -> -1
22 -> -1
41 -> -1
17 -> -1
2 -> 20
18 -> -1
44 -> -1
22 -> -1
38 -> -1
17 -> -1
1 -> 16
18 -> -1
1 -> 21
24 -> -1
33 -> -1
1 -> 21
11 -> -1
1 -> 15
5 -> -1
1 -> 15
4 -> -1
2 -> 22
5 -> -1
1 -> 14
5 -> -1
1 -> 16
1 -> 23
24 -> -1
34 -> -1
1 -> 24
24 -> -1
34 -> -1
39 -> -1
1 -> 21
7 -> -1
2 -> 5
30 -> -1
24 -> -1
44 -> -1
22 -> -1
41 -> -1
17 -> -1
2 -> 25
18 -> -1
31 -> -1
25 -> -1
39 -> -1
1 -> 21
10 -> -1
2 -> 5
30 -> -1
24 -> -1
1 -> 23
11 -> -1
17 -> -1
4 -> -1
1 -> 15
18 -> -1
6 -> -1
17 -> -1
2 -> 3
5 -> -1
1 -> 14
18 -> -1
31 -> -1
25 -> -1
1 -> 23
11 -> -1
17 -> -1
17 -> -1
4 -> -1
1 -> 15
18 -> -1
4 -> -1
17 -> -1
47 -> -1
17 -> -1
1 -> 21
18 -> -1
18 -> -1
18 -> -1
6 -> -1
17 -> -1
2 -> 3
5 -> -1
1 -> 14
18 -> -1
1 -> 24
11 -> -1
17 -> -1
17 -> -1
4 -> -1
1 -> 15
18 -> -1
3 -> -1
17 -> -1
47 -> -1
17 -> -1
1 -> 21
18 -> -1
18 -> -1
18 -> -1
6 -> -1
17 -> -1
2 -> 3
5 -> -1
1 -> 14
18 -> -1
44 -> -1
22 -> -1
41 -> -1
17 -> -1
2 -> 26
18 -> -1
44 -> -1
22 -> -1
41 -> -1
17 -> -1
1 -> 23
18 -> -1
44 -> -1
22 -> -1
41 -> -1
17 -> -1
2 -> 27
18 -> -1
44 -> -1
22 -> -1
41 -> -1
17 -> -1
1 -> 24
18 -> -1
20 -> -1
