32 -> -1
19 -> -1
1 -> 0
24 -> -1
33 -> -1
1 -> 1
24 -> -1
33 -> -1
1 -> 2
24 -> -1
33 -> -1
44 -> -1
22 -> -1
38 -> -1
17 -> -1
1 -> 0
18 -> -1
1 -> 1
11 -> -1
2 -> 3
1 -> 2
11 -> -1
2 -> 4
42 -> -1
1 -> 2
7 -> -1
11 -> -1
1 -> 0
30 -> -1
24 -> -1
1 -> 1
11 -> -1
1 -> 1
3 -> -1
1 -> 2
1 -> 2
11 -> -1
1 -> 2
3 -> -1
2 -> 4
31 -> -1
25 -> -1
44 -> -1
22 -> -1
41 -> -1
17 -> -1
2 -> 5
18 -> -1
44 -> -1
22 -> -1
41 -> -1
17 -> -1
1 -> 1
18 -> -1
1 -> 6
24 -> -1
43 -> -1
17 -> -1
33 -> -1
18 -> -1
15 -> -1
2 -> 7
16 -> -1
1 -> 8
24 -> -1
33 -> -1
1 -> 9
24 -> -1
33 -> -1
1 -> 10
24 -> -1
33 -> -1
1 -> 2
24 -> -1
33 -> -1
44 -> -1
22 -> -1
38 -> -1
17 -> -1
1 -> 6
18 -> -1
1 -> 8
11 -> -1
2 -> 11
1 -> 9
11 -> -1
2 -> 12
42 -> -1
1 -> 2
7 -> -1
2 -> 7
30 -> -1
24 -> -1
1 -> 10
11 -> -1
1 -> 6
15 -> -1
1 -> 2
16 -> -1
39 -> -1
1 -> 10
8 -> -1
1 -> 8
30 -> -1
24 -> -1
1 -> 8
11 -> -1
1 -> 10
31 -> -1
25 -> -1
39 -> -1
1 -> 10
7 -> -1
1 -> 9
30 -> -1
24 -> -1
1 -> 9
11 -> -1
1 -> 10
31 -> -1
25 -> -1
1 -> 2
11 -> -1
1 -> 2
3 -> -1
2 -> 4
31 -> -1
25 -> -1
44 -> -1
22 -> -1
41 -> -1
17 -> -1
2 -> 13
18 -> -1
44 -> -1
22 -> -1
41 -> -1
17 -> -1
1 -> 8
18 -> -1
44 -> -1
22 -> -1
41 -> -1
17 -> -1
2 -> 14
18 -> -1
44 -> -1
22 -> -1
41 -> -1
17 -> -1
1 -> 9
18 -> -1
20 -> -1
