SymbolTable {
[]
[]
[]
[]
[]
[]
[]
[]
[]
[]
[]
[]
[]
[]
[]
[]
[]
[]
[]
[]
[]
[]
[]
[]
[]
[]
[]
[]
[]
[]
[]
[]
[]
[]
[]
[['"2 solutions "', 26]]
[]
[]
[]
[]
[]
[]
[]
[]
[]
[]
[]
[]
[]
[]
[]
[]
[]
[]
[]
[]
[]
[]
[]
[]
[]
[]
[]
[]
[]
[]
[]
[]
[]
[]
[]
[]
[]
[]
[]
[]
[]
[]
[]
[]
[]
[]
[]
[]
[]
[]
[]
[]
[]
[]
[]
[]
[]
[]
[]
[]
[]
[]
[]
[]
[]
[]
[]
[]
[]
[]
[]
[]
[]
[]
[]
[]
[]
[]
[]
[]
[]
[]
[]
[]
[]
[['0', 5]]
[['1', 4]]
[['2', 3]]
[]
[['4', 22]]
[]
[]
[]
[]
[]
[]
[]
[]
[]
[]
[]
[]
[]
[]
[]
[]
[]
[]
[]
[]
[]
[]
[['sol1', 23]]
[['sol2', 24]]
[]
[]
[]
[]
[]
[]
[['" and "', 27]]
[]
[]
[]
[]
[]
[]
[]
[]
[]
[]
[]
[]
[]
[['a', 14]]
[['b', 15]]
[['c', 16]]
[]
[]
[]
[]
[]
[['i', 1]]
[]
[]
[]
[['m', 9]]
[['n', 8]]
[]
[]
[]
[]
[]
[]
[]
[]
[]
[['x', 0]]
[]
[]
[]
[]
[]
[]
[]
[]
[]
[]
[]
[]
[]
[]
[['"No real solutions."', 25]]
[]
[]
[]
[]
[]
[]
[]
[]
[]
[['#delta', 21]]
[]
[['remind', 12]]
[]
[]
[]
[]
[]
[]
[]
[]
[]
[]
[]
[]
[['"c = "', 20]]
[]
[]
[]
[]
[]
[]
[]
[]
[]
[]
[]
[]
[]
[]
[]
[]
[]
[]
[]
[]
[]
[]
[]
[]
[]
[]
[]
[]
[]
[]
[]
[]
[]
[]
[]
[]
[]
[]
[]
[]
[]
[]
[]
[]
[]
[]
[]
[]
[]
[]
[]
[['"The number is not prime"', 7]]
[]
[]
[]
[]
[]
[]
[]
[['"The equation is ax^2 + bx + c = 0"', 17]]
[]
[]
[]
[]
[]
[]
[]
[]
[]
[]
[]
[]
[]
[]
[]
[]
[]
[]
[['"b = "', 19]]
[]
[]
[]
[]
[]
[]
[]
[]
[]
[]
[]
[]
[]
[]
[]
[]
[]
[]
[]
[]
[]
[]
[]
[]
[]
[]
[]
[]
[]
[]
[]
[['"The number is prime"', 6]]
[]
[]
[]
[]
[]
[]
[]
[]
[]
[]
[]
[['"gcd = "', 13]]
[]
[]
[]
[]
[]
[]
[]
[['"n = "', 10]]
[]
[]
[]
[]
[]
[]
[]
[]
[]
[]
[]
[]
[]
[]
[]
[]
[]
[]
[]
[]
[]
[]
[]
[]
[]
[]
[['"a = "', 18]]
[]
[]
[]
[]
[]
[]
[]
[]
[]
[]
[]
[]
[]
[]
[]
[]
[]
[]
[]
[]
[]
[]
[]
[]
[]
[]
[]
[]
[]
[]
[]
[]
[]
[]
[]
[]
[]
[]
[]
[]
[]
[]
[]
[]
[]
[]
[]
[]
[]
[]
[]
[['"m = "', 11]]
[]
[]
[]
[]
[]
[]
[]
[]
[]
[]
[]
[]
[]
[['#prime', 2]]
[]
[]
[]
[]
[]
[]
[]
[]
[]
[]
[]
[]
[]
[]
[]
[]
[]
[]
[]
[]
[]
[]
[]
[]
[]
[]
[]
[]
[]
[]
[]
[]
[]
[]
[]
[]
[]
[]
[]
[]
[]
[]
}